# JRE version: OpenJDK Runtime Environment Temurin-17.0.6+10 (17.0.6+10) (build 17.0.6+10)
# Java VM: OpenJDK 64-Bit Server VM Temurin-17.0.6+10 (17.0.6+10, mixed mode, emulated-client, tiered, compressed oops, compressed class ptrs, g1 gc, windows-amd64)
GC Precious Log:
 CPUs: 8 total, 8 available
 Memory: 16336M
 Large Page Support: Disabled
 NUMA Support: Disabled
 Compressed Oops: Enabled (32-bit)
 Heap Region Size: 1M
 Heap Min Capacity: 8M
 Heap Initial Capacity: 256M
 Heap Max Capacity: 1G
 Pre-touch: Disabled
 Parallel Workers: 8
 Concurrent Workers: 2
 Concurrent Refinement Workers: 8
 Periodic GC: Disabled
Heap:
 garbage-first heap   total 239616K, used 74427K [0x00000000c0000000, 0x0000000100000000)
  region size 1024K, 1 young (1024K), 0 survivors (0K)
 Metaspace       used 69099K, committed 69568K, reserved 1114112K
  class space    used 9390K, committed 9600K, reserved 1048576K
GC Heap History (20 events):
Event: 93398.308 GC heap before
{Heap before GC invocations=9133 (full 9085):
 garbage-first heap   total 239616K, used 74427K [0x00000000c0000000, 0x0000000100000000)
  region size 1024K, 1 young (1024K), 0 survivors (0K)
 Metaspace       used 69099K, committed 69568K, reserved 1114112K
  class space    used 9390K, committed 9600K, reserved 1048576K
}
Event: 93398.365 GC heap after
{Heap after GC invocations=9134 (full 9086):
 garbage-first heap   total 239616K, used 74427K [0x00000000c0000000, 0x0000000100000000)
  region size 1024K, 0 young (0K), 0 survivors (0K)
 Metaspace       used 69099K, committed 69568K, reserved 1114112K
  class space    used 9390K, committed 9600K, reserved 1048576K
}
Event: 93408.613 GC heap before
{Heap before GC invocations=9134 (full 9086):
 garbage-first heap   total 239616K, used 74427K [0x00000000c0000000, 0x0000000100000000)
  region size 1024K, 1 young (1024K), 0 survivors (0K)
 Metaspace       used 69099K, committed 69568K, reserved 1114112K
  class space    used 9390K, committed 9600K, reserved 1048576K
}
Event: 93408.665 GC heap after
{Heap after GC invocations=9135 (full 9087):
 garbage-first heap   total 239616K, used 74427K [0x00000000c0000000, 0x0000000100000000)
  region size 1024K, 0 young (0K), 0 survivors (0K)
 Metaspace       used 69099K, committed 69568K, reserved 1114112K
  class space    used 9390K, committed 9600K, reserved 1048576K
}
Event: 93418.934 GC heap before
{Heap before GC invocations=9135 (full 9087):
 garbage-first heap   total 239616K, used 74427K [0x00000000c0000000, 0x0000000100000000)
  region size 1024K, 1 young (1024K), 0 survivors (0K)
 Metaspace       used 69099K, committed 69568K, reserved 1114112K
  class space    used 9390K, committed 9600K, reserved 1048576K
}
Event: 93418.986 GC heap after
{Heap after GC invocations=9136 (full 9088):
 garbage-first heap   total 239616K, used 74427K [0x00000000c0000000, 0x0000000100000000)
  region size 1024K, 0 young (0K), 0 survivors (0K)
 Metaspace       used 69099K, committed 69568K, reserved 1114112K
  class space    used 9390K, committed 9600K, reserved 1048576K
}
Event: 93429.233 GC heap before
{Heap before GC invocations=9136 (full 9088):
 garbage-first heap   total 239616K, used 74427K [0x00000000c0000000, 0x0000000100000000)
  region size 1024K, 1 young (1024K), 0 survivors (0K)
 Metaspace       used 69099K, committed 69568K, reserved 1114112K
  class space    used 9390K, committed 9600K, reserved 1048576K
}
Event: 93429.286 GC heap after
{Heap after GC invocations=9137 (full 9089):
 garbage-first heap   total 239616K, used 74427K [0x00000000c0000000, 0x0000000100000000)
  region size 1024K, 0 young (0K), 0 survivors (0K)
 Metaspace       used 69099K, committed 69568K, reserved 1114112K
  class space    used 9390K, committed 9600K, reserved 1048576K
}
Event: 93439.566 GC heap before
{Heap before GC invocations=9137 (full 9089):
 garbage-first heap   total 239616K, used 74427K [0x00000000c0000000, 0x0000000100000000)
  region size 1024K, 1 young (1024K), 0 survivors (0K)
 Metaspace       used 69099K, committed 69568K, reserved 1114112K
  class space    used 9390K, committed 9600K, reserved 1048576K
}
Event: 93439.614 GC heap after
{Heap after GC invocations=9138 (full 9090):
 garbage-first heap   total 239616K, used 74427K [0x00000000c0000000, 0x0000000100000000)
  region size 1024K, 0 young (0K), 0 survivors (0K)
 Metaspace       used 69099K, committed 69568K, reserved 1114112K
  class space    used 9390K, committed 9600K, reserved 1048576K
}
Event: 93449.926 GC heap before
{Heap before GC invocations=9138 (full 9090):
 garbage-first heap   total 239616K, used 74427K [0x00000000c0000000, 0x0000000100000000)
  region size 1024K, 1 young (1024K), 0 survivors (0K)
 Metaspace       used 69099K, committed 69568K, reserved 1114112K
  class space    used 9390K, committed 9600K, reserved 1048576K
}
Event: 93449.984 GC heap after
{Heap after GC invocations=9139 (full 9091):
 garbage-first heap   total 239616K, used 74427K [0x00000000c0000000, 0x0000000100000000)
  region size 1024K, 0 young (0K), 0 survivors (0K)
 Metaspace       used 69099K, committed 69568K, reserved 1114112K
  class space    used 9390K, committed 9600K, reserved 1048576K
}
Event: 93460.244 GC heap before
{Heap before GC invocations=9139 (full 9091):
 garbage-first heap   total 239616K, used 74427K [0x00000000c0000000, 0x0000000100000000)
  region size 1024K, 1 young (1024K), 0 survivors (0K)
 Metaspace       used 69099K, committed 69568K, reserved 1114112K
  class space    used 9390K, committed 9600K, reserved 1048576K
}
Event: 93460.293 GC heap after
{Heap after GC invocations=9140 (full 9092):
 garbage-first heap   total 239616K, used 74427K [0x00000000c0000000, 0x0000000100000000)
  region size 1024K, 0 young (0K), 0 survivors (0K)
 Metaspace       used 69099K, committed 69568K, reserved 1114112K
  class space    used 9390K, committed 9600K, reserved 1048576K
}
Event: 93470.565 GC heap before
{Heap before GC invocations=9140 (full 9092):
 garbage-first heap   total 239616K, used 74427K [0x00000000c0000000, 0x0000000100000000)
  region size 1024K, 1 young (1024K), 0 survivors (0K)
 Metaspace       used 69099K, committed 69568K, reserved 1114112K
  class space    used 9390K, committed 9600K, reserved 1048576K
}
Event: 93470.618 GC heap after
{Heap after GC invocations=9141 (full 9093):
 garbage-first heap   total 239616K, used 74427K [0x00000000c0000000, 0x0000000100000000)
  region size 1024K, 0 young (0K), 0 survivors (0K)
 Metaspace       used 69099K, committed 69568K, reserved 1114112K
  class space    used 9390K, committed 9600K, reserved 1048576K
}
Event: 93480.892 GC heap before
{Heap before GC invocations=9141 (full 9093):
 garbage-first heap   total 239616K, used 74427K [0x00000000c0000000, 0x0000000100000000)
  region size 1024K, 1 young (1024K), 0 survivors (0K)
 Metaspace       used 69099K, committed 69568K, reserved 1114112K
  class space    used 9390K, committed 9600K, reserved 1048576K
}
Event: 93480.941 GC heap after
{Heap after GC invocations=9142 (full 9094):
 garbage-first heap   total 239616K, used 74427K [0x00000000c0000000, 0x0000000100000000)
  region size 1024K, 0 young (0K), 0 survivors (0K)
 Metaspace       used 69099K, committed 69568K, reserved 1114112K
  class space    used 9390K, committed 9600K, reserved 1048576K
}
Event: 93491.242 GC heap before
{Heap before GC invocations=9142 (full 9094):
 garbage-first heap   total 239616K, used 74427K [0x00000000c0000000, 0x0000000100000000)
  region size 1024K, 1 young (1024K), 0 survivors (0K)
 Metaspace       used 69099K, committed 69568K, reserved 1114112K
  class space    used 9390K, committed 9600K, reserved 1048576K
}
Event: 93491.304 GC heap after
{Heap after GC invocations=9143 (full 9095):
 garbage-first heap   total 239616K, used 74427K [0x00000000c0000000, 0x0000000100000000)
  region size 1024K, 0 young (0K), 0 survivors (0K)
 Metaspace       used 69099K, committed 69568K, reserved 1114112K
  class space    used 9390K, committed 9600K, reserved 1048576K
}

